<?xml version="1.0" encoding="UTF-8"?>
<!-- Generated by org.testng.reporters.JUnitXMLReporter -->
<testsuite hostname="DESKTOP-HBF7D93" ignored="0" name="Default test" tests="5" failures="0" timestamp="21 Feb 2019 18:14:19 GMT" time="0.107" errors="0">
  <testcase name="add" time="0.021" classname="com.qa.test.DemoTest"/>
  <testcase name="div" time="0.002" classname="com.qa.test.DemoTest"/>
  <testcase name="mod" time="0.022" classname="com.qa.test.DemoTest"/>
  <testcase name="mul" time="0.002" classname="com.qa.test.DemoTest"/>
  <testcase name="sub" time="0.002" classname="com.qa.test.DemoTest"/>
</testsuite> <!-- Default test -->
