<?xml version="1.0" encoding="UTF-8"?>
<!-- Generated by org.testng.reporters.JUnitXMLReporter -->
<testsuite hostname="DESKTOP-HBF7D93" ignored="0" name="Test" tests="15" failures="0" timestamp="21 Feb 2019 19:03:07 GMT" time="0.196" errors="0">
  <testcase name="add" time="0.019" classname="com.qa.test.DemoTest2"/>
  <testcase name="div" time="0.003" classname="com.qa.test.DemoTest2"/>
  <testcase name="mod" time="0.002" classname="com.qa.test.DemoTest2"/>
  <testcase name="mul" time="0.002" classname="com.qa.test.DemoTest2"/>
  <testcase name="sub" time="0.001" classname="com.qa.test.DemoTest2"/>
  <testcase name="add" time="0.001" classname="com.qa.test.DemoTest1"/>
  <testcase name="div" time="0.002" classname="com.qa.test.DemoTest1"/>
  <testcase name="mod" time="0.003" classname="com.qa.test.DemoTest1"/>
  <testcase name="mul" time="0.002" classname="com.qa.test.DemoTest1"/>
  <testcase name="sub" time="0.002" classname="com.qa.test.DemoTest1"/>
  <testcase name="add" time="0.004" classname="com.qa.test.DemoTest"/>
  <testcase name="div" time="0.018" classname="com.qa.test.DemoTest"/>
  <testcase name="mod" time="0.004" classname="com.qa.test.DemoTest"/>
  <testcase name="mul" time="0.009" classname="com.qa.test.DemoTest"/>
  <testcase name="sub" time="0.003" classname="com.qa.test.DemoTest"/>
</testsuite> <!-- Test -->
